[dev-server] Local MongoDB was unreachable or rejected the configured credentials. Falling back to an in-memory MongoDB instance.
[dev-server] Data will be ephemeral until Docker or a local MongoDB service is available again.
[dev-server] Seeding the in-memory database for local development...
[dev-server] Loading server modules...
[dev-server] Server modules loaded.
[dev-server] Starting HTTP listener on port 5000...
[dev-server] HTTP listener ready on port 5000.
[dev-server] Loading server modules...
[dev-server] Server modules loaded.
[dev-server] Starting HTTP listener on port 5000...
[dev-server] HTTP listener ready on port 5000.
[dev-server] Loading server modules...
[dev-server] Loading server modules...
[dev-server] Server modules loaded.
[dev-server] Starting HTTP listener on port 5000...
[dev-server] HTTP listener ready on port 5000.
[dev-server] Loading server modules...
[dev-server] Loading server modules...
[dev-server] Server modules loaded.
[dev-server] Starting HTTP listener on port 5000...
[dev-server] HTTP listener ready on port 5000.
[dev-server] Loading server modules...
[dev-server] Loading server modules...
[dev-server] Server modules loaded.
[dev-server] Starting HTTP listener on port 5000...
[dev-server] HTTP listener ready on port 5000.
[dev-server] Loading server modules...
[dev-server] Loading server modules...
[dev-server] Server modules loaded.
[dev-server] Starting HTTP listener on port 5000...
[dev-server] HTTP listener ready on port 5000.
[dev-server] Loading server modules...
[dev-server] Loading server modules...
[dev-server] Server modules loaded.
[dev-server] Starting HTTP listener on port 5000...
[dev-server] HTTP listener ready on port 5000.
[dev-server] Loading server modules...
[dev-server] Loading server modules...
[dev-server] Server modules loaded.
[dev-server] Starting HTTP listener on port 5000...
[dev-server] HTTP listener ready on port 5000.
